#
# A fatal error has been detected by the Java Runtime Environment:
#
#  SIGSEGV (0xb) at pc=0x0000000133fa0d26, pid=1197, tid=87303
#
# JRE version: Java(TM) SE Runtime Environment 18.9 (11.0.9+7) (build 11.0.9+7-LTS)
# Java VM: Java HotSpot(TM) 64-Bit Server VM 18.9 (11.0.9+7-LTS, mixed mode, tiered, compressed oops, g1 gc, bsd-amd64)
# Problematic frame:
# C  [libgdx-box2d64.dylib+0x1bd26]  b2ContactManager::Collide()+0x116
#
# No core dump will be written. Core dumps have been disabled. To enable core dumping, try "ulimit -c unlimited" before starting Java again
#
# If you would like to submit a bug report, please visit:
#   https://bugreport.java.com/bugreport/crash.jsp
# The crash happened outside the Java Virtual Machine in native code.
# See problematic frame for where to report the bug.
#

---------------  S U M M A R Y ------------

Command Line: -Dfile.encoding=UTF-8 -Duser.country=TR -Duser.language=tr -Duser.variant com.cabir.desktop.DesktopLauncher

Host: MacBookPro15,2 x86_64 2400 MHz, 8 cores, 8G, Darwin 20.1.0
Time: Wed Dec  2 20:11:01 2020 +03 elapsed time: 3.879172 seconds (0d 0h 0m 3s)

---------------  T H R E A D  ---------------

Current thread (0x00007ffa8d84d000):  JavaThread "LWJGL Application" [_thread_in_native, id=87303, stack(0x00007000032b9000,0x00007000033b9000)]

Stack: [0x00007000032b9000,0x00007000033b9000],  sp=0x00007000033b85f0,  free space=1021k
Native frames: (J=compiled Java code, A=aot compiled Java code, j=interpreted, Vv=VM code, C=native code)
C  [libgdx-box2d64.dylib+0x1bd26]  b2ContactManager::Collide()+0x116
C  [libgdx-box2d64.dylib+0x1fd32]  b2World::Step(float, int, int)+0xb2
C  [libgdx-box2d64.dylib+0x24744]  Java_com_badlogic_gdx_physics_box2d_World_jniStep+0x74
j  com.badlogic.gdx.physics.box2d.World.jniStep(JFII)V+0
j  com.badlogic.gdx.physics.box2d.World.step(FII)V+8
j  com.cabir.Game.PlayScreen.update(F)V+16
j  com.cabir.Game.PlayScreen.render(F)V+2
j  com.badlogic.gdx.Game.render()V+19
j  com.cabir.Game.GrumpRun.render()V+1
j  com.badlogic.gdx.backends.lwjgl.LwjglApplication.mainLoop()V+776
j  com.badlogic.gdx.backends.lwjgl.LwjglApplication$1.run()V+27
v  ~StubRoutines::call_stub
V  [libjvm.dylib+0x39cfa8]  JavaCalls::call_helper(JavaValue*, methodHandle const&, JavaCallArguments*, Thread*)+0x21c
V  [libjvm.dylib+0x39c40c]  JavaCalls::call_virtual(JavaValue*, Klass*, Symbol*, Symbol*, JavaCallArguments*, Thread*)+0xee
V  [libjvm.dylib+0x39c4c8]  JavaCalls::call_virtual(JavaValue*, Handle, Klass*, Symbol*, Symbol*, Thread*)+0x62
V  [libjvm.dylib+0x4213bc]  thread_entry(JavaThread*, Thread*)+0x78
V  [libjvm.dylib+0x741854]  JavaThread::thread_main_inner()+0x82
V  [libjvm.dylib+0x74169e]  JavaThread::run()+0x174
V  [libjvm.dylib+0x73f4d8]  Thread::call_run()+0x68
V  [libjvm.dylib+0x643777]  thread_native_entry(Thread*)+0x139
C  [libsystem_pthread.dylib+0x6950]  _pthread_start+0xe0
C  [libsystem_pthread.dylib+0x247b]  thread_start+0xf

Java frames: (J=compiled Java code, j=interpreted, Vv=VM code)
j  com.badlogic.gdx.physics.box2d.World.jniStep(JFII)V+0
j  com.badlogic.gdx.physics.box2d.World.step(FII)V+8
j  com.cabir.Game.PlayScreen.update(F)V+16
j  com.cabir.Game.PlayScreen.render(F)V+2
j  com.badlogic.gdx.Game.render()V+19
j  com.cabir.Game.GrumpRun.render()V+1
j  com.badlogic.gdx.backends.lwjgl.LwjglApplication.mainLoop()V+776
j  com.badlogic.gdx.backends.lwjgl.LwjglApplication$1.run()V+27
v  ~StubRoutines::call_stub

siginfo: si_signo: 11 (SIGSEGV), si_code: 1 (SEGV_MAPERR), si_addr: 0x000000000000001c

Register to memory mapping:

RAX=0x0 is NULL
RBX=0x00007ffa8aacebc0 points into unknown readable memory: a0 ec ac 8a fa 7f 00 00
RCX=0x0000000000000020 is an unknown value
RDX=0x0 is NULL
RSP=0x00007000033b85f0 is pointing into the stack for thread: 0x00007ffa8d84d000
RBP=0x00007000033b8640 is pointing into the stack for thread: 0x00007ffa8d84d000
RSI=0x0 is NULL
RDI=0x00007ffa8d84d000 is a thread
R8 ={method} {0x0000000133c997d0} 'beginContact' '(J)V' in 'com/badlogic/gdx/physics/box2d/World'
R9 =0x00007ffa89d68580 points into unknown readable memory: 58 07 86 2b 01 00 00 00
R10=0x000000010d1a8ac0: _ZN19TemplateInterpreter13_active_tableE+0x4800 in /Library/Java/JavaVirtualMachines/jdk-11.0.9.jdk/Contents/Home/lib/server/libjvm.dylib at 0x000000010c800000
R11=0x0000000116e3b7c0 is at entry_point+0 in (nmethod*)0x0000000116e3b610
R12=0x00007ffa8c301200 points into unknown readable memory: 00 00 00 00 fa 7f 00 00
R13=0x00007ffa8c2fdb00 points into unknown readable memory: c0 db 2f 8c fa 7f 00 00
R14=0x00007ffa8c2fd200 points into unknown readable memory: 00 00 00 00 26 00 00 00
R15=0x00007ffa8c301680 points into unknown readable memory: e0 16 30 8c fa 7f 00 00


Registers:
RAX=0x0000000000000000, RBX=0x00007ffa8aacebc0, RCX=0x0000000000000020, RDX=0x0000000000000000
RSP=0x00007000033b85f0, RBP=0x00007000033b8640, RSI=0x0000000000000000, RDI=0x00007ffa8d84d000
R8 =0x0000000133c997d0, R9 =0x00007ffa89d68580, R10=0x000000010d1a8ac0, R11=0x0000000116e3b7c0
R12=0x00007ffa8c301200, R13=0x00007ffa8c2fdb00, R14=0x00007ffa8c2fd200, R15=0x00007ffa8c301680
RIP=0x0000000133fa0d26, EFLAGS=0x0000000000010246, ERR=0x0000000000000004
  TRAPNO=0x000000000000000e

Top of Stack: (sp=0x00007000033b85f0)
0x00007000033b85f0:   0000000000000000 0000000000000000
0x00007000033b8600:   00007000033b8668 0000000000000006
0x00007000033b8610:   00007ffa8d6ff2a0 00007ffa8d6e6000
0x00007000033b8620:   0000000000000000 0000000133c97c08
0x00007000033b8630:   00007000033b8668 0000000000000006
0x00007000033b8640:   00007000033b86b0 0000000133fa4d32
0x00007000033b8650:   000000003f800000 000000005fc7caa5
0x00007000033b8660:   00000000000e81ef 000000005fc7caa5
0x00007000033b8670:   00000000000e81ef 426fffff3c888889
0x00007000033b8680:   000000063f800000 0000000100000002
0x00007000033b8690:   3c888889033b8690 00007ffa8d6e6000
0x00007000033b86a0:   0000000000000002 0000000000000006
0x00007000033b86b0:   00007000033b8710 0000000133fa9744
0x00007000033b86c0:   0000000133fb7ba0 00007ffa8d84d340
0x00007000033b86d0:   00007000033b87e8 0000000133fb7be0
0x00007000033b86e0:   00007ffa8d84d340 00007000033b87e8
0x00007000033b86f0:   3c88888916832898 0000000133c97c08
0x00007000033b8700:   00007000033b87e8 00007ffa8d84d000
0x00007000033b8710:   00007000033b87a0 0000000116835970
0x00007000033b8720:   00007000033b8720 0000000133c869db
0x00007000033b8730:   00007000033b8798 0000000133c878e0
0x00007000033b8740:   0000000000000000 00000007873f6890
0x00007000033b8750:   0000000133c86a38 00007000033b8758
0x00007000033b8760:   0000000000000000 00007000033b87e8
0x00007000033b8770:   0000000133ca87a8 0000000000000000
0x00007000033b8780:   0000000787228420 0000000133c97c08
0x00007000033b8790:   0000000000000000 00007000033b87c0
0x00007000033b87a0:   00007000033b8838 000000011682fca7
0x00007000033b87b0:   0000000000000000 0000000116832898
0x00007000033b87c0:   0000000000000002 0000000000000006
0x00007000033b87d0:   000000013c888889 00007ffa8d6e6000
0x00007000033b87e0:   0000000000000000 0000000787268848 

Instructions: (pc=0x0000000133fa0d26)
0x0000000133fa0d06:   48 85 c0 0f 88 dc 00 00 00 48 8b 4d d0 8b 49 14
0x0000000133fa0d16:   39 c1 0f 8e cd 00 00 00 48 c1 e6 05 49 8b 57 28
0x0000000133fa0d26:   48 63 54 32 1c 85 d2 0f 88 b8 00 00 00 39 d1 0f
0x0000000133fa0d36:   8e b0 00 00 00 48 8b 4d d0 48 8b 49 08 48 8d 14 

Stack slot to memory mapping:
stack at sp + 0 slots: 0x0 is NULL
stack at sp + 1 slots: 0x0 is NULL
stack at sp + 2 slots: 0x00007000033b8668 is pointing into the stack for thread: 0x00007ffa8d84d000
stack at sp + 3 slots: 0x0000000000000006 is an unknown value
stack at sp + 4 slots: 0x00007ffa8d6ff2a0 points into unknown readable memory: 10 00 00 00 01 00 00 00
stack at sp + 5 slots: 0x00007ffa8d6e6000 points into unknown readable memory: 00 ac 86 8d fa 7f 00 00
stack at sp + 6 slots: 0x0 is NULL
stack at sp + 7 slots: {method} {0x0000000133c97c08} 'jniStep' '(JFII)V' in 'com/badlogic/gdx/physics/box2d/World'


---------------  P R O C E S S  ---------------

Threads class SMR info:
_java_thread_list=0x00007ffa8b991d90, length=11, elements={
0x00007ffa8d818800, 0x00007ffa8d81b800, 0x00007ffa8a855800, 0x00007ffa8e00a800,
0x00007ffa8a858800, 0x00007ffa8e808800, 0x00007ffa8f008800, 0x00007ffa8b0be000,
0x00007ffa8d81f000, 0x00007ffa8d84d000, 0x00007ffa8e80a000
}

Java Threads: ( => current thread )
  0x00007ffa8d818800 JavaThread "Reference Handler" daemon [_thread_blocked, id=18435, stack(0x00007000021f4000,0x00007000022f4000)]
  0x00007ffa8d81b800 JavaThread "Finalizer" daemon [_thread_blocked, id=14083, stack(0x00007000022f7000,0x00007000023f7000)]
  0x00007ffa8a855800 JavaThread "Signal Dispatcher" daemon [_thread_blocked, id=22019, stack(0x0000700002500000,0x0000700002600000)]
  0x00007ffa8e00a800 JavaThread "C2 CompilerThread0" daemon [_thread_blocked, id=22531, stack(0x0000700002603000,0x0000700002703000)]
  0x00007ffa8a858800 JavaThread "C1 CompilerThread0" daemon [_thread_blocked, id=22787, stack(0x0000700002706000,0x0000700002806000)]
  0x00007ffa8e808800 JavaThread "Sweeper thread" daemon [_thread_blocked, id=42499, stack(0x0000700002809000,0x0000700002909000)]
  0x00007ffa8f008800 JavaThread "Service Thread" daemon [_thread_blocked, id=41987, stack(0x000070000290c000,0x0000700002a0c000)]
  0x00007ffa8b0be000 JavaThread "Common-Cleaner" daemon [_thread_blocked, id=41219, stack(0x0000700002b12000,0x0000700002c12000)]
  0x00007ffa8d81f000 JavaThread "AppKit Thread" daemon [_thread_in_native, id=775, stack(0x00007ffee71a0000,0x00007ffee79a0000)]
=>0x00007ffa8d84d000 JavaThread "LWJGL Application" [_thread_in_native, id=87303, stack(0x00007000032b9000,0x00007000033b9000)]
  0x00007ffa8e80a000 JavaThread "DestroyJavaVM" [_thread_blocked, id=5891, stack(0x0000700001adf000,0x0000700001bdf000)]

Other Threads:
  0x00007ffa8d811000 VMThread "VM Thread" [stack: 0x00007000020f1000,0x00007000021f1000] [id=18947]
  0x00007ffa8b013800 WatcherThread [stack: 0x0000700002a0f000,0x0000700002b0f000] [id=41731]
  0x00007ffa8a811000 GCTaskThread "GC Thread#0" [stack: 0x0000700001be2000,0x0000700001ce2000] [id=11523]
  0x00007ffa8b034000 ConcurrentGCThread "G1 Main Marker" [stack: 0x0000700001ce5000,0x0000700001de5000] [id=20995]
  0x00007ffa8b034800 ConcurrentGCThread "G1 Conc#0" [stack: 0x0000700001de8000,0x0000700001ee8000] [id=20483]
  0x00007ffa8b095800 ConcurrentGCThread "G1 Refine#0" [stack: 0x0000700001eeb000,0x0000700001feb000] [id=12547]
  0x00007ffa8a811800 ConcurrentGCThread "G1 Young RemSet Sampling" [stack: 0x0000700001fee000,0x00007000020ee000] [id=19971]

Threads with active compile tasks:

VM state:not at safepoint (normal execution)

VM Mutex/Monitor currently owned by a thread: None

Heap address: 0x0000000780000000, size: 2048 MB, Compressed Oops mode: Zero based, Oop shift amount: 3
Narrow klass base: 0x0000000800000000, Narrow klass shift: 0
Compressed class space size: 1073741824 Address: 0x0000000800000000

Heap:
 garbage-first heap   total 131072K, used 13312K [0x0000000780000000, 0x0000000800000000)
  region size 1024K, 15 young (15360K), 0 survivors (0K)
 Metaspace       used 12281K, capacity 12434K, committed 13056K, reserved 1060864K
  class space    used 1068K, capacity 1153K, committed 1280K, reserved 1048576K
Heap Regions: E=young(eden), S=young(survivor), O=old, HS=humongous(starts), HC=humongous(continues), CS=collection set, F=free, A=archive, TAMS=top-at-mark-start (previous, next)
|   0|0x0000000780000000, 0x0000000780000000, 0x0000000780100000|  0%| F|  |TAMS 0x0000000780000000, 0x0000000780000000| Untracked 
|   1|0x0000000780100000, 0x0000000780100000, 0x0000000780200000|  0%| F|  |TAMS 0x0000000780100000, 0x0000000780100000| Untracked 
|   2|0x0000000780200000, 0x0000000780200000, 0x0000000780300000|  0%| F|  |TAMS 0x0000000780200000, 0x0000000780200000| Untracked 
|   3|0x0000000780300000, 0x0000000780300000, 0x0000000780400000|  0%| F|  |TAMS 0x0000000780300000, 0x0000000780300000| Untracked 
|   4|0x0000000780400000, 0x0000000780400000, 0x0000000780500000|  0%| F|  |TAMS 0x0000000780400000, 0x0000000780400000| Untracked 
|   5|0x0000000780500000, 0x0000000780500000, 0x0000000780600000|  0%| F|  |TAMS 0x0000000780500000, 0x0000000780500000| Untracked 
|   6|0x0000000780600000, 0x0000000780600000, 0x0000000780700000|  0%| F|  |TAMS 0x0000000780600000, 0x0000000780600000| Untracked 
|   7|0x0000000780700000, 0x0000000780700000, 0x0000000780800000|  0%| F|  |TAMS 0x0000000780700000, 0x0000000780700000| Untracked 
|   8|0x0000000780800000, 0x0000000780800000, 0x0000000780900000|  0%| F|  |TAMS 0x0000000780800000, 0x0000000780800000| Untracked 
|   9|0x0000000780900000, 0x0000000780900000, 0x0000000780a00000|  0%| F|  |TAMS 0x0000000780900000, 0x0000000780900000| Untracked 
|  10|0x0000000780a00000, 0x0000000780a00000, 0x0000000780b00000|  0%| F|  |TAMS 0x0000000780a00000, 0x0000000780a00000| Untracked 
|  11|0x0000000780b00000, 0x0000000780b00000, 0x0000000780c00000|  0%| F|  |TAMS 0x0000000780b00000, 0x0000000780b00000| Untracked 
|  12|0x0000000780c00000, 0x0000000780c00000, 0x0000000780d00000|  0%| F|  |TAMS 0x0000000780c00000, 0x0000000780c00000| Untracked 
|  13|0x0000000780d00000, 0x0000000780d00000, 0x0000000780e00000|  0%| F|  |TAMS 0x0000000780d00000, 0x0000000780d00000| Untracked 
|  14|0x0000000780e00000, 0x0000000780e00000, 0x0000000780f00000|  0%| F|  |TAMS 0x0000000780e00000, 0x0000000780e00000| Untracked 
|  15|0x0000000780f00000, 0x0000000780f00000, 0x0000000781000000|  0%| F|  |TAMS 0x0000000780f00000, 0x0000000780f00000| Untracked 
|  16|0x0000000781000000, 0x0000000781000000, 0x0000000781100000|  0%| F|  |TAMS 0x0000000781000000, 0x0000000781000000| Untracked 
|  17|0x0000000781100000, 0x0000000781100000, 0x0000000781200000|  0%| F|  |TAMS 0x0000000781100000, 0x0000000781100000| Untracked 
|  18|0x0000000781200000, 0x0000000781200000, 0x0000000781300000|  0%| F|  |TAMS 0x0000000781200000, 0x0000000781200000| Untracked 
|  19|0x0000000781300000, 0x0000000781300000, 0x0000000781400000|  0%| F|  |TAMS 0x0000000781300000, 0x0000000781300000| Untracked 
|  20|0x0000000781400000, 0x0000000781400000, 0x0000000781500000|  0%| F|  |TAMS 0x0000000781400000, 0x0000000781400000| Untracked 
|  21|0x0000000781500000, 0x0000000781500000, 0x0000000781600000|  0%| F|  |TAMS 0x0000000781500000, 0x0000000781500000| Untracked 
|  22|0x0000000781600000, 0x0000000781600000, 0x0000000781700000|  0%| F|  |TAMS 0x0000000781600000, 0x0000000781600000| Untracked 
|  23|0x0000000781700000, 0x0000000781700000, 0x0000000781800000|  0%| F|  |TAMS 0x0000000781700000, 0x0000000781700000| Untracked 
|  24|0x0000000781800000, 0x0000000781800000, 0x0000000781900000|  0%| F|  |TAMS 0x0000000781800000, 0x0000000781800000| Untracked 
|  25|0x0000000781900000, 0x0000000781900000, 0x0000000781a00000|  0%| F|  |TAMS 0x0000000781900000, 0x0000000781900000| Untracked 
|  26|0x0000000781a00000, 0x0000000781a00000, 0x0000000781b00000|  0%| F|  |TAMS 0x0000000781a00000, 0x0000000781a00000| Untracked 
|  27|0x0000000781b00000, 0x0000000781b00000, 0x0000000781c00000|  0%| F|  |TAMS 0x0000000781b00000, 0x0000000781b00000| Untracked 
|  28|0x0000000781c00000, 0x0000000781c00000, 0x0000000781d00000|  0%| F|  |TAMS 0x0000000781c00000, 0x0000000781c00000| Untracked 
|  29|0x0000000781d00000, 0x0000000781d00000, 0x0000000781e00000|  0%| F|  |TAMS 0x0000000781d00000, 0x0000000781d00000| Untracked 
|  30|0x0000000781e00000, 0x0000000781e00000, 0x0000000781f00000|  0%| F|  |TAMS 0x0000000781e00000, 0x0000000781e00000| Untracked 
|  31|0x0000000781f00000, 0x0000000781f00000, 0x0000000782000000|  0%| F|  |TAMS 0x0000000781f00000, 0x0000000781f00000| Untracked 
|  32|0x0000000782000000, 0x0000000782000000, 0x0000000782100000|  0%| F|  |TAMS 0x0000000782000000, 0x0000000782000000| Untracked 
|  33|0x0000000782100000, 0x0000000782100000, 0x0000000782200000|  0%| F|  |TAMS 0x0000000782100000, 0x0000000782100000| Untracked 
|  34|0x0000000782200000, 0x0000000782200000, 0x0000000782300000|  0%| F|  |TAMS 0x0000000782200000, 0x0000000782200000| Untracked 
|  35|0x0000000782300000, 0x0000000782300000, 0x0000000782400000|  0%| F|  |TAMS 0x0000000782300000, 0x0000000782300000| Untracked 
|  36|0x0000000782400000, 0x0000000782400000, 0x0000000782500000|  0%| F|  |TAMS 0x0000000782400000, 0x0000000782400000| Untracked 
|  37|0x0000000782500000, 0x0000000782500000, 0x0000000782600000|  0%| F|  |TAMS 0x0000000782500000, 0x0000000782500000| Untracked 
|  38|0x0000000782600000, 0x0000000782600000, 0x0000000782700000|  0%| F|  |TAMS 0x0000000782600000, 0x0000000782600000| Untracked 
|  39|0x0000000782700000, 0x0000000782700000, 0x0000000782800000|  0%| F|  |TAMS 0x0000000782700000, 0x0000000782700000| Untracked 
|  40|0x0000000782800000, 0x0000000782800000, 0x0000000782900000|  0%| F|  |TAMS 0x0000000782800000, 0x0000000782800000| Untracked 
|  41|0x0000000782900000, 0x0000000782900000, 0x0000000782a00000|  0%| F|  |TAMS 0x0000000782900000, 0x0000000782900000| Untracked 
|  42|0x0000000782a00000, 0x0000000782a00000, 0x0000000782b00000|  0%| F|  |TAMS 0x0000000782a00000, 0x0000000782a00000| Untracked 
|  43|0x0000000782b00000, 0x0000000782b00000, 0x0000000782c00000|  0%| F|  |TAMS 0x0000000782b00000, 0x0000000782b00000| Untracked 
|  44|0x0000000782c00000, 0x0000000782c00000, 0x0000000782d00000|  0%| F|  |TAMS 0x0000000782c00000, 0x0000000782c00000| Untracked 
|  45|0x0000000782d00000, 0x0000000782d00000, 0x0000000782e00000|  0%| F|  |TAMS 0x0000000782d00000, 0x0000000782d00000| Untracked 
|  46|0x0000000782e00000, 0x0000000782e00000, 0x0000000782f00000|  0%| F|  |TAMS 0x0000000782e00000, 0x0000000782e00000| Untracked 
|  47|0x0000000782f00000, 0x0000000782f00000, 0x0000000783000000|  0%| F|  |TAMS 0x0000000782f00000, 0x0000000782f00000| Untracked 
|  48|0x0000000783000000, 0x0000000783000000, 0x0000000783100000|  0%| F|  |TAMS 0x0000000783000000, 0x0000000783000000| Untracked 
|  49|0x0000000783100000, 0x0000000783100000, 0x0000000783200000|  0%| F|  |TAMS 0x0000000783100000, 0x0000000783100000| Untracked 
|  50|0x0000000783200000, 0x0000000783200000, 0x0000000783300000|  0%| F|  |TAMS 0x0000000783200000, 0x0000000783200000| Untracked 
|  51|0x0000000783300000, 0x0000000783300000, 0x0000000783400000|  0%| F|  |TAMS 0x0000000783300000, 0x0000000783300000| Untracked 
|  52|0x0000000783400000, 0x0000000783400000, 0x0000000783500000|  0%| F|  |TAMS 0x0000000783400000, 0x0000000783400000| Untracked 
|  53|0x0000000783500000, 0x0000000783500000, 0x0000000783600000|  0%| F|  |TAMS 0x0000000783500000, 0x0000000783500000| Untracked 
|  54|0x0000000783600000, 0x0000000783600000, 0x0000000783700000|  0%| F|  |TAMS 0x0000000783600000, 0x0000000783600000| Untracked 
|  55|0x0000000783700000, 0x0000000783700000, 0x0000000783800000|  0%| F|  |TAMS 0x0000000783700000, 0x0000000783700000| Untracked 
|  56|0x0000000783800000, 0x0000000783800000, 0x0000000783900000|  0%| F|  |TAMS 0x0000000783800000, 0x0000000783800000| Untracked 
|  57|0x0000000783900000, 0x0000000783900000, 0x0000000783a00000|  0%| F|  |TAMS 0x0000000783900000, 0x0000000783900000| Untracked 
|  58|0x0000000783a00000, 0x0000000783a00000, 0x0000000783b00000|  0%| F|  |TAMS 0x0000000783a00000, 0x0000000783a00000| Untracked 
|  59|0x0000000783b00000, 0x0000000783b00000, 0x0000000783c00000|  0%| F|  |TAMS 0x0000000783b00000, 0x0000000783b00000| Untracked 
|  60|0x0000000783c00000, 0x0000000783c00000, 0x0000000783d00000|  0%| F|  |TAMS 0x0000000783c00000, 0x0000000783c00000| Untracked 
|  61|0x0000000783d00000, 0x0000000783d00000, 0x0000000783e00000|  0%| F|  |TAMS 0x0000000783d00000, 0x0000000783d00000| Untracked 
|  62|0x0000000783e00000, 0x0000000783e00000, 0x0000000783f00000|  0%| F|  |TAMS 0x0000000783e00000, 0x0000000783e00000| Untracked 
|  63|0x0000000783f00000, 0x0000000783f00000, 0x0000000784000000|  0%| F|  |TAMS 0x0000000783f00000, 0x0000000783f00000| Untracked 
|  64|0x0000000784000000, 0x0000000784000000, 0x0000000784100000|  0%| F|  |TAMS 0x0000000784000000, 0x0000000784000000| Untracked 
|  65|0x0000000784100000, 0x0000000784100000, 0x0000000784200000|  0%| F|  |TAMS 0x0000000784100000, 0x0000000784100000| Untracked 
|  66|0x0000000784200000, 0x0000000784200000, 0x0000000784300000|  0%| F|  |TAMS 0x0000000784200000, 0x0000000784200000| Untracked 
|  67|0x0000000784300000, 0x0000000784300000, 0x0000000784400000|  0%| F|  |TAMS 0x0000000784300000, 0x0000000784300000| Untracked 
|  68|0x0000000784400000, 0x0000000784400000, 0x0000000784500000|  0%| F|  |TAMS 0x0000000784400000, 0x0000000784400000| Untracked 
|  69|0x0000000784500000, 0x0000000784500000, 0x0000000784600000|  0%| F|  |TAMS 0x0000000784500000, 0x0000000784500000| Untracked 
|  70|0x0000000784600000, 0x0000000784600000, 0x0000000784700000|  0%| F|  |TAMS 0x0000000784600000, 0x0000000784600000| Untracked 
|  71|0x0000000784700000, 0x0000000784700000, 0x0000000784800000|  0%| F|  |TAMS 0x0000000784700000, 0x0000000784700000| Untracked 
|  72|0x0000000784800000, 0x0000000784800000, 0x0000000784900000|  0%| F|  |TAMS 0x0000000784800000, 0x0000000784800000| Untracked 
|  73|0x0000000784900000, 0x0000000784900000, 0x0000000784a00000|  0%| F|  |TAMS 0x0000000784900000, 0x0000000784900000| Untracked 
|  74|0x0000000784a00000, 0x0000000784a00000, 0x0000000784b00000|  0%| F|  |TAMS 0x0000000784a00000, 0x0000000784a00000| Untracked 
|  75|0x0000000784b00000, 0x0000000784b00000, 0x0000000784c00000|  0%| F|  |TAMS 0x0000000784b00000, 0x0000000784b00000| Untracked 
|  76|0x0000000784c00000, 0x0000000784c00000, 0x0000000784d00000|  0%| F|  |TAMS 0x0000000784c00000, 0x0000000784c00000| Untracked 
|  77|0x0000000784d00000, 0x0000000784d00000, 0x0000000784e00000|  0%| F|  |TAMS 0x0000000784d00000, 0x0000000784d00000| Untracked 
|  78|0x0000000784e00000, 0x0000000784e00000, 0x0000000784f00000|  0%| F|  |TAMS 0x0000000784e00000, 0x0000000784e00000| Untracked 
|  79|0x0000000784f00000, 0x0000000784f00000, 0x0000000785000000|  0%| F|  |TAMS 0x0000000784f00000, 0x0000000784f00000| Untracked 
|  80|0x0000000785000000, 0x0000000785000000, 0x0000000785100000|  0%| F|  |TAMS 0x0000000785000000, 0x0000000785000000| Untracked 
|  81|0x0000000785100000, 0x0000000785100000, 0x0000000785200000|  0%| F|  |TAMS 0x0000000785100000, 0x0000000785100000| Untracked 
|  82|0x0000000785200000, 0x0000000785200000, 0x0000000785300000|  0%| F|  |TAMS 0x0000000785200000, 0x0000000785200000| Untracked 
|  83|0x0000000785300000, 0x0000000785300000, 0x0000000785400000|  0%| F|  |TAMS 0x0000000785300000, 0x0000000785300000| Untracked 
|  84|0x0000000785400000, 0x0000000785400000, 0x0000000785500000|  0%| F|  |TAMS 0x0000000785400000, 0x0000000785400000| Untracked 
|  85|0x0000000785500000, 0x0000000785500000, 0x0000000785600000|  0%| F|  |TAMS 0x0000000785500000, 0x0000000785500000| Untracked 
|  86|0x0000000785600000, 0x0000000785600000, 0x0000000785700000|  0%| F|  |TAMS 0x0000000785600000, 0x0000000785600000| Untracked 
|  87|0x0000000785700000, 0x0000000785700000, 0x0000000785800000|  0%| F|  |TAMS 0x0000000785700000, 0x0000000785700000| Untracked 
|  88|0x0000000785800000, 0x0000000785800000, 0x0000000785900000|  0%| F|  |TAMS 0x0000000785800000, 0x0000000785800000| Untracked 
|  89|0x0000000785900000, 0x0000000785900000, 0x0000000785a00000|  0%| F|  |TAMS 0x0000000785900000, 0x0000000785900000| Untracked 
|  90|0x0000000785a00000, 0x0000000785a00000, 0x0000000785b00000|  0%| F|  |TAMS 0x0000000785a00000, 0x0000000785a00000| Untracked 
|  91|0x0000000785b00000, 0x0000000785b00000, 0x0000000785c00000|  0%| F|  |TAMS 0x0000000785b00000, 0x0000000785b00000| Untracked 
|  92|0x0000000785c00000, 0x0000000785c00000, 0x0000000785d00000|  0%| F|  |TAMS 0x0000000785c00000, 0x0000000785c00000| Untracked 
|  93|0x0000000785d00000, 0x0000000785d00000, 0x0000000785e00000|  0%| F|  |TAMS 0x0000000785d00000, 0x0000000785d00000| Untracked 
|  94|0x0000000785e00000, 0x0000000785e00000, 0x0000000785f00000|  0%| F|  |TAMS 0x0000000785e00000, 0x0000000785e00000| Untracked 
|  95|0x0000000785f00000, 0x0000000785f00000, 0x0000000786000000|  0%| F|  |TAMS 0x0000000785f00000, 0x0000000785f00000| Untracked 
|  96|0x0000000786000000, 0x0000000786000000, 0x0000000786100000|  0%| F|  |TAMS 0x0000000786000000, 0x0000000786000000| Untracked 
|  97|0x0000000786100000, 0x0000000786100000, 0x0000000786200000|  0%| F|  |TAMS 0x0000000786100000, 0x0000000786100000| Untracked 
|  98|0x0000000786200000, 0x0000000786200000, 0x0000000786300000|  0%| F|  |TAMS 0x0000000786200000, 0x0000000786200000| Untracked 
|  99|0x0000000786300000, 0x0000000786300000, 0x0000000786400000|  0%| F|  |TAMS 0x0000000786300000, 0x0000000786300000| Untracked 
| 100|0x0000000786400000, 0x0000000786400000, 0x0000000786500000|  0%| F|  |TAMS 0x0000000786400000, 0x0000000786400000| Untracked 
| 101|0x0000000786500000, 0x0000000786500000, 0x0000000786600000|  0%| F|  |TAMS 0x0000000786500000, 0x0000000786500000| Untracked 
| 102|0x0000000786600000, 0x0000000786600000, 0x0000000786700000|  0%| F|  |TAMS 0x0000000786600000, 0x0000000786600000| Untracked 
| 103|0x0000000786700000, 0x0000000786700000, 0x0000000786800000|  0%| F|  |TAMS 0x0000000786700000, 0x0000000786700000| Untracked 
| 104|0x0000000786800000, 0x0000000786800000, 0x0000000786900000|  0%| F|  |TAMS 0x0000000786800000, 0x0000000786800000| Untracked 
| 105|0x0000000786900000, 0x0000000786900000, 0x0000000786a00000|  0%| F|  |TAMS 0x0000000786900000, 0x0000000786900000| Untracked 
| 106|0x0000000786a00000, 0x0000000786a00000, 0x0000000786b00000|  0%| F|  |TAMS 0x0000000786a00000, 0x0000000786a00000| Untracked 
| 107|0x0000000786b00000, 0x0000000786b00000, 0x0000000786c00000|  0%| F|  |TAMS 0x0000000786b00000, 0x0000000786b00000| Untracked 
| 108|0x0000000786c00000, 0x0000000786c00000, 0x0000000786d00000|  0%| F|  |TAMS 0x0000000786c00000, 0x0000000786c00000| Untracked 
| 109|0x0000000786d00000, 0x0000000786d00000, 0x0000000786e00000|  0%| F|  |TAMS 0x0000000786d00000, 0x0000000786d00000| Untracked 
| 110|0x0000000786e00000, 0x0000000786e00000, 0x0000000786f00000|  0%| F|  |TAMS 0x0000000786e00000, 0x0000000786e00000| Untracked 
| 111|0x0000000786f00000, 0x0000000786f00000, 0x0000000787000000|  0%| F|  |TAMS 0x0000000786f00000, 0x0000000786f00000| Untracked 
| 112|0x0000000787000000, 0x0000000787000000, 0x0000000787100000|  0%| F|  |TAMS 0x0000000787000000, 0x0000000787000000| Untracked 
| 113|0x0000000787100000, 0x0000000787200000, 0x0000000787200000|100%| E|  |TAMS 0x0000000787100000, 0x0000000787100000| Complete 
| 114|0x0000000787200000, 0x0000000787300000, 0x0000000787300000|100%| E|CS|TAMS 0x0000000787200000, 0x0000000787200000| Complete 
| 115|0x0000000787300000, 0x0000000787400000, 0x0000000787400000|100%| E|CS|TAMS 0x0000000787300000, 0x0000000787300000| Complete 
| 116|0x0000000787400000, 0x0000000787500000, 0x0000000787500000|100%| E|CS|TAMS 0x0000000787400000, 0x0000000787400000| Complete 
| 117|0x0000000787500000, 0x0000000787600000, 0x0000000787600000|100%| E|CS|TAMS 0x0000000787500000, 0x0000000787500000| Complete 
| 118|0x0000000787600000, 0x0000000787700000, 0x0000000787700000|100%| E|CS|TAMS 0x0000000787600000, 0x0000000787600000| Complete 
| 119|0x0000000787700000, 0x0000000787800000, 0x0000000787800000|100%| E|  |TAMS 0x0000000787700000, 0x0000000787700000| Complete 
| 120|0x0000000787800000, 0x0000000787900000, 0x0000000787900000|100%| E|CS|TAMS 0x0000000787800000, 0x0000000787800000| Complete 
| 121|0x0000000787900000, 0x0000000787a00000, 0x0000000787a00000|100%| E|CS|TAMS 0x0000000787900000, 0x0000000787900000| Complete 
| 122|0x0000000787a00000, 0x0000000787b00000, 0x0000000787b00000|100%| E|CS|TAMS 0x0000000787a00000, 0x0000000787a00000| Complete 
| 123|0x0000000787b00000, 0x0000000787c00000, 0x0000000787c00000|100%| E|CS|TAMS 0x0000000787b00000, 0x0000000787b00000| Complete 
| 124|0x0000000787c00000, 0x0000000787d00000, 0x0000000787d00000|100%| E|CS|TAMS 0x0000000787c00000, 0x0000000787c00000| Complete 
| 125|0x0000000787d00000, 0x0000000787e00000, 0x0000000787e00000|100%| E|CS|TAMS 0x0000000787d00000, 0x0000000787d00000| Complete 
| 126|0x0000000787e00000, 0x0000000787f00000, 0x0000000787f00000|100%| E|CS|TAMS 0x0000000787e00000, 0x0000000787e00000| Complete 
| 127|0x0000000787f00000, 0x0000000788000000, 0x0000000788000000|100%| E|CS|TAMS 0x0000000787f00000, 0x0000000787f00000| Complete 

Card table byte_map: [0x0000000115e32000,0x0000000116232000] _byte_map_base: 0x0000000112232000

Marking Bits (Prev, Next): (CMBitMap*) 0x00007ffa8b009c18, (CMBitMap*) 0x00007ffa8b009c50
 Prev Bits: [0x0000000125826000, 0x0000000127826000)
 Next Bits: [0x0000000127826000, 0x0000000129826000)

Polling page: 0x00000001082e6000

Metaspace:

Usage:
  Non-class:     11.02 MB capacity,    10.95 MB (>99%) used,    52.43 KB ( <1%) free+waste,    16.25 KB ( <1%) overhead. 
      Class:      1.13 MB capacity,     1.04 MB ( 93%) used,    77.30 KB (  7%) free+waste,     6.94 KB ( <1%) overhead. 
       Both:     12.14 MB capacity,    11.99 MB ( 99%) used,   129.73 KB (  1%) free+waste,    23.19 KB ( <1%) overhead. 

Virtual space:
  Non-class space:       12.00 MB reserved,      11.50 MB ( 96%) committed 
      Class space:        1.00 GB reserved,       1.25 MB ( <1%) committed 
             Both:        1.01 GB reserved,      12.75 MB (  1%) committed 

Chunk freelists:
   Non-Class:  37.38 KB
       Class:  3.88 KB
        Both:  41.25 KB

CodeHeap 'non-profiled nmethods': size=120032Kb used=328Kb max_used=328Kb free=119703Kb
 bounds [0x000000011e2ee000, 0x000000011e55e000, 0x0000000125826000]
CodeHeap 'profiled nmethods': size=120028Kb used=2005Kb max_used=2005Kb free=118022Kb
 bounds [0x0000000116db7000, 0x0000000117027000, 0x000000011e2ee000]
CodeHeap 'non-nmethods': size=5700Kb used=1185Kb max_used=1200Kb free=4514Kb
 bounds [0x0000000116826000, 0x0000000116a96000, 0x0000000116db7000]
 total_blobs=1655 nmethods=1105 adapters=463
 compilation: enabled
              stopped_count=0, restarted_count=0
 full_count=0

Compilation events (10 events):
Event: 3.393 Thread 0x00007ffa8a858800 1100       3       com.badlogic.gdx.maps.MapLayer::getRenderOffsetY (16 bytes)
Event: 3.393 Thread 0x00007ffa8a858800 nmethod 1100 0x0000000116faa810 code [0x0000000116faa9c0, 0x0000000116faac28]
Event: 3.492 Thread 0x00007ffa8a858800 1101       3       org.lwjgl.opengl.GL11::glDrawElements (38 bytes)
Event: 3.494 Thread 0x00007ffa8a858800 nmethod 1101 0x0000000116faad10 code [0x0000000116faafe0, 0x0000000116fabe58]
Event: 3.613 Thread 0x00007ffa8e00a800 1103       4       com.badlogic.gdx.utils.ObjectIntMap::locateKey (63 bytes)
Event: 3.613 Thread 0x00007ffa8a858800 1104       3       com.badlogic.gdx.graphics.glutils.IndexArray::unbind (1 bytes)
Event: 3.613 Thread 0x00007ffa8a858800 nmethod 1104 0x0000000116fac410 code [0x0000000116fac5a0, 0x0000000116fac6f0]
Event: 3.622 Thread 0x00007ffa8e00a800 nmethod 1103 0x000000011e33f690 code [0x000000011e33f840, 0x000000011e33fd58]
Event: 3.777 Thread 0x00007ffa8e00a800 1105       4       com.badlogic.gdx.physics.box2d.Body::isActive (9 bytes)
Event: 3.778 Thread 0x00007ffa8e00a800 nmethod 1105 0x000000011e340090 code [0x000000011e340220, 0x000000011e3402a8]

GC Heap History (0 events):
No events

Deoptimization events (2 events):
Event: 0.066 Thread 0x00007ffa8a810000 Uncommon trap: reason=unstable_if action=reinterpret pc=0x000000011e2f2620 method=java.lang.String.hashCode()I @ 14 c2
Event: 0.728 Thread 0x00007ffa8d84d000 Uncommon trap: reason=unstable_if action=reinterpret pc=0x000000011e31f4c4 method=java.lang.StringLatin1.replace([BCC)Ljava/lang/String; @ 19 c2

Classes redefined (0 events):
No events

Internal exceptions (10 events):
Event: 0.215 Thread 0x00007ffa8a810000 Exception <a 'java/io/FileNotFoundException'{0x0000000787a00d98}> (0x0000000787a00d98) thrown at [./open/src/hotspot/share/prims/jni.cpp, line 611]
Event: 0.218 Thread 0x00007ffa8a810000 Exception <a 'java/lang/ClassNotFoundException'{0x0000000787a05800}: sun/awt/resources/spi/awtosxProvider> (0x0000000787a05800) thrown at [./open/src/hotspot/share/classfile/systemDictionary.cpp, line 228]
Event: 0.232 Thread 0x00007ffa8a810000 Exception <a 'java/lang/NoSuchMethodError'{0x0000000787a4c880}: java.lang.invoke.DirectMethodHandle$Holder.invokeStatic(Ljava/lang/Object;Ljava/lang/Object;Ljava/lang/Object;Ljava/lang/Object;Ljava/lang/Object;Ljava/lang/Object;Ljava/lang/Object;Ljava/lan
Event: 0.233 Thread 0x00007ffa8a810000 Exception <a 'java/lang/NoSuchMethodError'{0x0000000787a66958}: java.lang.invoke.DirectMethodHandle$Holder.invokeStatic(Ljava/lang/Object;Ljava/lang/Object;Ljava/lang/Object;Ljava/lang/Object;Ljava/lang/Object;Ljava/lang/Object;Ljava/lang/Object;Ljava/lan
Event: 0.381 Thread 0x00007ffa8a810000 Exception <a 'java/security/PrivilegedActionException'{0x0000000787a7a098}> (0x0000000787a7a098) thrown at [./open/src/hotspot/share/prims/jvm.cpp, line 1296]
Event: 0.382 Thread 0x00007ffa8a810000 Exception <a 'java/security/PrivilegedActionException'{0x0000000787af7a20}> (0x0000000787af7a20) thrown at [./open/src/hotspot/share/prims/jvm.cpp, line 1296]
Event: 0.382 Thread 0x00007ffa8a810000 Exception <a 'java/security/PrivilegedActionException'{0x0000000787af89d8}> (0x0000000787af89d8) thrown at [./open/src/hotspot/share/prims/jvm.cpp, line 1296]
Event: 0.383 Thread 0x00007ffa8a810000 Exception <a 'java/security/PrivilegedActionException'{0x0000000787908b08}> (0x0000000787908b08) thrown at [./open/src/hotspot/share/prims/jvm.cpp, line 1296]
Event: 0.384 Thread 0x00007ffa8a810000 Exception <a 'java/security/PrivilegedActionException'{0x00000007879096c8}> (0x00000007879096c8) thrown at [./open/src/hotspot/share/prims/jvm.cpp, line 1296]
Event: 0.384 Thread 0x00007ffa8a810000 Exception <a 'java/security/PrivilegedActionException'{0x000000078790a248}> (0x000000078790a248) thrown at [./open/src/hotspot/share/prims/jvm.cpp, line 1296]

Events (10 events):
Event: 2.062 loading class sun/awt/AppContext$6 done
Event: 2.062 loading class java/util/IdentityHashMap$Values
Event: 2.062 loading class java/util/IdentityHashMap$Values done
Event: 2.063 loading class java/util/IdentityHashMap$ValueIterator
Event: 2.063 loading class java/util/IdentityHashMap$ValueIterator done
Event: 2.063 Executing VM operation: RevokeBias
Event: 2.063 Executing VM operation: RevokeBias done
Event: 2.063 Thread 0x00007ffa8d82e000 Thread exited: 0x00007ffa8d82e000
Event: 3.877 loading class com/badlogic/gdx/utils/Pool$Poolable
Event: 3.877 loading class com/badlogic/gdx/utils/Pool$Poolable done


Dynamic libraries:
0x00007fff34f3a000 	/System/Library/Frameworks/Cocoa.framework/Versions/A/Cocoa
0x00007fff221f5000 	/System/Library/Frameworks/Security.framework/Versions/A/Security
0x00007fff33189000 	/System/Library/Frameworks/ApplicationServices.framework/Versions/A/ApplicationServices
0x00007fff2a462000 	/usr/lib/libz.1.dylib
0x0000000108274000 	/Library/Java/JavaVirtualMachines/jdk-11.0.9.jdk/Contents/Home/lib/jli/libjli.dylib
0x00007fff2a52a000 	/usr/lib/libSystem.B.dylib
0x00007fff22c19000 	/System/Library/Frameworks/AppKit.framework/Versions/C/AppKit
0x00007fff25aa2000 	/System/Library/Frameworks/CoreData.framework/Versions/A/CoreData
0x00007fff21169000 	/System/Library/Frameworks/Foundation.framework/Versions/C/Foundation
0x00007fff23976000 	/System/Library/PrivateFrameworks/UIFoundation.framework/Versions/A/UIFoundation
0x00007fff2fb6c000 	/System/Library/PrivateFrameworks/RemoteViewServices.framework/Versions/A/RemoteViewServices
0x00007fff2898e000 	/System/Library/PrivateFrameworks/XCTTargetBootstrap.framework/Versions/A/XCTTargetBootstrap
0x00007fff2b669000 	/usr/lib/libspindump.dylib
0x00007fff23bca000 	/System/Library/Frameworks/UniformTypeIdentifiers.framework/Versions/A/UniformTypeIdentifiers
0x00007fff27160000 	/usr/lib/libapp_launch_measurement.dylib
0x00007fff27163000 	/System/Library/PrivateFrameworks/CoreAutoLayout.framework/Versions/A/CoreAutoLayout
0x00007fff282ef000 	/System/Library/Frameworks/Metal.framework/Versions/A/Metal
0x00007fff28fdd000 	/usr/lib/liblangid.dylib
0x00007fff28992000 	/System/Library/PrivateFrameworks/CoreSVG.framework/Versions/A/CoreSVG
0x00007fff24bb1000 	/System/Library/PrivateFrameworks/SkyLight.framework/Versions/A/SkyLight
0x00007fff24f10000 	/System/Library/Frameworks/CoreGraphics.framework/Versions/A/CoreGraphics
0x00007fff301c3000 	/System/Library/Frameworks/Accelerate.framework/Versions/A/Accelerate
0x00007fff2b0a4000 	/System/Library/PrivateFrameworks/IconServices.framework/Versions/A/IconServices
0x00007fff282d0000 	/System/Library/Frameworks/IOSurface.framework/Versions/A/IOSurface
0x00007fff2642a000 	/usr/lib/libDiagnosticMessagesClient.dylib
0x00007fff2897a000 	/System/Library/PrivateFrameworks/DFRFoundation.framework/Versions/A/DFRFoundation
0x00007fff22545000 	/usr/lib/libicucore.A.dylib
0x00007fff2cba6000 	/System/Library/Frameworks/AudioToolbox.framework/Versions/A/AudioToolbox
0x00007fff2be51000 	/System/Library/PrivateFrameworks/DataDetectorsCore.framework/Versions/A/DataDetectorsCore
0x00007fff2867a000 	/System/Library/Frameworks/Carbon.framework/Versions/A/Frameworks/HIToolbox.framework/Versions/A/HIToolbox
0x00007fff26bc3000 	/System/Library/Frameworks/QuartzCore.framework/Versions/A/QuartzCore
0x00007fff2fba8000 	/System/Library/Frameworks/Carbon.framework/Versions/A/Frameworks/SpeechRecognition.framework/Versions/A/SpeechRecognition
0x00007fff26ec8000 	/System/Library/PrivateFrameworks/CoreUI.framework/Versions/A/CoreUI
0x00007fff21b51000 	/System/Library/Frameworks/CoreAudio.framework/Versions/A/CoreAudio
0x00007fff26515000 	/System/Library/Frameworks/DiskArbitration.framework/Versions/A/DiskArbitration
0x00007fff2ba62000 	/System/Library/PrivateFrameworks/MultitouchSupport.framework/Versions/A/MultitouchSupport
0x00007fff2be48000 	/System/Library/PrivateFrameworks/InternationalSupport.framework/Versions/A/InternationalSupport
0x00007fff24b25000 	/usr/lib/libenergytrace.dylib
0x00007fff22b13000 	/System/Library/Frameworks/IOKit.framework/Versions/A/IOKit
0x00007fff2fef5000 	/System/Library/Frameworks/CoreServices.framework/Versions/A/CoreServices
0x00007fff270f6000 	/System/Library/PrivateFrameworks/PerformanceAnalysis.framework/Versions/A/PerformanceAnalysis
0x00007fff6b3dd000 	/System/Library/Frameworks/OpenGL.framework/Versions/A/OpenGL
0x00007fff2becd000 	/System/Library/PrivateFrameworks/UserActivity.framework/Versions/A/UserActivity
0x00007fff201df000 	/usr/lib/libobjc.A.dylib
0x00007fff255a4000 	/System/Library/Frameworks/ColorSync.framework/Versions/A/ColorSync
0x00007fff203bf000 	/System/Library/Frameworks/CoreFoundation.framework/Versions/A/CoreFoundation
0x00007fff28bf6000 	/System/Library/Frameworks/CoreImage.framework/Versions/A/CoreImage
0x00007fff21967000 	/System/Library/Frameworks/CoreText.framework/Versions/A/CoreText
0x00007fff289bc000 	/System/Library/Frameworks/ImageIO.framework/Versions/A/ImageIO
0x00007fff2a530000 	/System/Library/PrivateFrameworks/SoftLinking.framework/Versions/A/SoftLinking
0x00007fff271ac000 	/usr/lib/libxml2.2.dylib
0x00007fff202a4000 	/usr/lib/libc++.1.dylib
0x00007fff2a7a2000 	/usr/lib/libcompression.dylib
0x00007fff24b26000 	/usr/lib/libMobileGestalt.dylib
0x00007fff2bd7b000 	/System/Library/PrivateFrameworks/TextureIO.framework/Versions/A/TextureIO
0x00007fff2adc8000 	/usr/lib/libate.dylib
0x00007fff2a524000 	/usr/lib/system/libcache.dylib
0x00007fff2a4e0000 	/usr/lib/system/libcommonCrypto.dylib
0x00007fff2a50a000 	/usr/lib/system/libcompiler_rt.dylib
0x00007fff2a4ff000 	/usr/lib/system/libcopyfile.dylib
0x00007fff200d1000 	/usr/lib/system/libcorecrypto.dylib
0x00007fff2019a000 	/usr/lib/system/libdispatch.dylib
0x00007fff2034e000 	/usr/lib/system/libdyld.dylib
0x00007fff2a51b000 	/usr/lib/system/libkeymgr.dylib
0x00007fff2d955000 	/usr/lib/system/liblaunch.dylib
0x00007fff2a4be000 	/usr/lib/system/libmacho.dylib
0x00007fff29cd9000 	/usr/lib/system/libquarantine.dylib
0x00007fff2a518000 	/usr/lib/system/libremovefile.dylib
0x00007fff24b82000 	/usr/lib/system/libsystem_asl.dylib
0x00007fff20081000 	/usr/lib/system/libsystem_blocks.dylib
0x00007fff2021b000 	/usr/lib/system/libsystem_c.dylib
0x00007fff2a512000 	/usr/lib/system/libsystem_collections.dylib
0x00007fff28fce000 	/usr/lib/system/libsystem_configuration.dylib
0x00007fff282bf000 	/usr/lib/system/libsystem_containermanager.dylib
0x00007fff2a25a000 	/usr/lib/system/libsystem_coreservices.dylib
0x00007fff227a7000 	/usr/lib/system/libsystem_darwin.dylib
0x00007fff2a51c000 	/usr/lib/system/libsystem_dnssd.dylib
0x00007fff20218000 	/usr/lib/system/libsystem_featureflags.dylib
0x00007fff20393000 	/usr/lib/system/libsystem_info.dylib
0x00007fff2a475000 	/usr/lib/system/libsystem_m.dylib
0x00007fff2016d000 	/usr/lib/system/libsystem_malloc.dylib
0x00007fff24b16000 	/usr/lib/system/libsystem_networkextension.dylib
0x00007fff22bc1000 	/usr/lib/system/libsystem_notify.dylib
0x00007fff2fdf3000 	/usr/lib/system/libsystem_product_info_filter.dylib
0x00007fff28fd2000 	/usr/lib/system/libsystem_sandbox.dylib
0x00007fff2a515000 	/usr/lib/system/libsystem_secinit.dylib
0x00007fff20313000 	/usr/lib/system/libsystem_kernel.dylib
0x00007fff20389000 	/usr/lib/system/libsystem_platform.dylib
0x00007fff20342000 	/usr/lib/system/libsystem_pthread.dylib
0x00007fff26278000 	/usr/lib/system/libsystem_symptoms.dylib
0x00007fff200b9000 	/usr/lib/system/libsystem_trace.dylib
0x00007fff2a4ec000 	/usr/lib/system/libunwind.dylib
0x00007fff20083000 	/usr/lib/system/libxpc.dylib
0x00007fff202fa000 	/usr/lib/libc++abi.dylib
0x00007fff2a4f7000 	/usr/lib/liboah.dylib
0x00007fff2abad000 	/usr/lib/liblzma.5.dylib
0x00007fff20e7f000 	/System/Library/Frameworks/SystemConfiguration.framework/Versions/A/SystemConfiguration
0x00007fff2a52c000 	/usr/lib/libfakelink.dylib
0x00007fff24678000 	/System/Library/Frameworks/CFNetwork.framework/Versions/A/CFNetwork
0x00007fff2a66c000 	/usr/lib/libarchive.2.dylib
0x00007fff20efc000 	/usr/lib/libCRFSuite.dylib
0x00007fff29d00000 	/usr/lib/libbsm.0.dylib
0x00007fff24034000 	/usr/lib/libnetwork.dylib
0x00007fff2a531000 	/usr/lib/libpcap.A.dylib
0x00007fff26271000 	/usr/lib/libdns_services.dylib
0x00007fff2abc6000 	/usr/lib/libcoretls_cfhelpers.dylib
0x00007fff2a770000 	/usr/lib/libapple_nghttp2.dylib
0x00007fff2a4c4000 	/usr/lib/system/libkxld.dylib
0x00007fff25ed7000 	/usr/lib/libsqlite3.dylib
0x00007fff2a23c000 	/System/Library/PrivateFrameworks/AppleFSCompression.framework/Versions/A/AppleFSCompression
0x00007fff29ce8000 	/usr/lib/libcoretls.dylib
0x00007fff2a79d000 	/usr/lib/libpam.2.dylib
0x00007fff2acc3000 	/usr/lib/libxar.1.dylib
0x00007fff28fd9000 	/System/Library/PrivateFrameworks/AppleSystemInfo.framework/Versions/A/AppleSystemInfo
0x00007fff2992b000 	/System/Library/PrivateFrameworks/IOMobileFramebuffer.framework/Versions/A/IOMobileFramebuffer
0x00007fff2a24c000 	/usr/lib/libbz2.1.0.dylib
0x00007fff2a569000 	/usr/lib/libiconv.2.dylib
0x00007fff2a4bd000 	/usr/lib/libcharset.1.dylib
0x00007fff27132000 	/System/Library/Frameworks/CoreServices.framework/Versions/A/Frameworks/FSEvents.framework/Versions/A/FSEvents
0x00007fff227b1000 	/System/Library/Frameworks/CoreServices.framework/Versions/A/Frameworks/CarbonCore.framework/Versions/A/CarbonCore
0x00007fff2647a000 	/System/Library/Frameworks/CoreServices.framework/Versions/A/Frameworks/Metadata.framework/Versions/A/Metadata
0x00007fff2a25f000 	/System/Library/Frameworks/CoreServices.framework/Versions/A/Frameworks/OSServices.framework/Versions/A/OSServices
0x00007fff2a6de000 	/System/Library/Frameworks/CoreServices.framework/Versions/A/Frameworks/SearchKit.framework/Versions/A/SearchKit
0x00007fff261fb000 	/System/Library/Frameworks/CoreServices.framework/Versions/A/Frameworks/AE.framework/Versions/A/AE
0x00007fff2085b000 	/System/Library/Frameworks/CoreServices.framework/Versions/A/Frameworks/LaunchServices.framework/Versions/A/LaunchServices
0x00007fff2ab5e000 	/System/Library/Frameworks/CoreServices.framework/Versions/A/Frameworks/DictionaryServices.framework/Versions/A/DictionaryServices
0x00007fff2713b000 	/System/Library/Frameworks/CoreServices.framework/Versions/A/Frameworks/SharedFileList.framework/Versions/A/SharedFileList
0x00007fff29cdc000 	/usr/lib/libCheckFix.dylib
0x00007fff24b99000 	/System/Library/PrivateFrameworks/TCC.framework/Versions/A/TCC
0x00007fff28fdf000 	/System/Library/PrivateFrameworks/CoreNLP.framework/Versions/A/CoreNLP
0x00007fff2642d000 	/System/Library/PrivateFrameworks/MetadataUtilities.framework/Versions/A/MetadataUtilities
0x00007fff20f32000 	/usr/lib/libmecabra.dylib
0x00007fff29fef000 	/System/Library/Frameworks/MLCompute.framework/Versions/A/MLCompute
0x00007fff29d11000 	/usr/lib/libmecab.dylib
0x00007fff29d5b000 	/usr/lib/libgermantok.dylib
0x00007fff2a746000 	/usr/lib/libThaiTokenizer.dylib
0x00007fff2acfe000 	/usr/lib/libChineseTokenizer.dylib
0x00007fff2a79b000 	/System/Library/Frameworks/MetalPerformanceShaders.framework/Versions/A/MetalPerformanceShaders
0x00007fff2651c000 	/System/Library/Frameworks/Accelerate.framework/Versions/A/Frameworks/vImage.framework/Versions/A/vImage
0x00007fff2fece000 	/System/Library/Frameworks/Accelerate.framework/Versions/A/Frameworks/vecLib.framework/Versions/A/vecLib
0x00007fff2ad09000 	/System/Library/Frameworks/Accelerate.framework/Versions/A/Frameworks/vecLib.framework/Versions/A/libvMisc.dylib
0x00007fff29744000 	/System/Library/Frameworks/Accelerate.framework/Versions/A/Frameworks/vecLib.framework/Versions/A/libvDSP.dylib
0x00007fff20b5e000 	/System/Library/Frameworks/Accelerate.framework/Versions/A/Frameworks/vecLib.framework/Versions/A/libBLAS.dylib
0x00007fff2a7c1000 	/System/Library/Frameworks/Accelerate.framework/Versions/A/Frameworks/vecLib.framework/Versions/A/libLAPACK.dylib
0x00007fff29d61000 	/System/Library/Frameworks/Accelerate.framework/Versions/A/Frameworks/vecLib.framework/Versions/A/libLinearAlgebra.dylib
0x00007fff2a788000 	/System/Library/Frameworks/Accelerate.framework/Versions/A/Frameworks/vecLib.framework/Versions/A/libSparseBLAS.dylib
0x00007fff2a7bb000 	/System/Library/Frameworks/Accelerate.framework/Versions/A/Frameworks/vecLib.framework/Versions/A/libQuadrature.dylib
0x00007fff29087000 	/System/Library/Frameworks/Accelerate.framework/Versions/A/Frameworks/vecLib.framework/Versions/A/libBNNS.dylib
0x00007fff20e10000 	/System/Library/Frameworks/Accelerate.framework/Versions/A/Frameworks/vecLib.framework/Versions/A/libSparse.dylib
0x00007fff28f72000 	/System/Library/Frameworks/MetalPerformanceShaders.framework/Versions/A/Frameworks/MPSCore.framework/Versions/A/MPSCore
0x00007fff2a1ab000 	/System/Library/Frameworks/MetalPerformanceShaders.framework/Versions/A/Frameworks/MPSImage.framework/Versions/A/MPSImage
0x00007fff29d77000 	/System/Library/Frameworks/MetalPerformanceShaders.framework/Versions/A/Frameworks/MPSNeuralNetwork.framework/Versions/A/MPSNeuralNetwork
0x00007fff2a136000 	/System/Library/Frameworks/MetalPerformanceShaders.framework/Versions/A/Frameworks/MPSMatrix.framework/Versions/A/MPSMatrix
0x00007fff29f9f000 	/System/Library/Frameworks/MetalPerformanceShaders.framework/Versions/A/Frameworks/MPSRayIntersector.framework/Versions/A/MPSRayIntersector
0x00007fff2a16d000 	/System/Library/Frameworks/MetalPerformanceShaders.framework/Versions/A/Frameworks/MPSNDArray.framework/Versions/A/MPSNDArray
0x00007fff20a8a000 	/System/Library/PrivateFrameworks/MetalTools.framework/Versions/A/MetalTools
0x00007fff28fd7000 	/System/Library/PrivateFrameworks/AggregateDictionary.framework/Versions/A/AggregateDictionary
0x00007fff26405000 	/System/Library/PrivateFrameworks/CoreAnalytics.framework/Versions/A/CoreAnalytics
0x00007fff2a748000 	/System/Library/PrivateFrameworks/AppleSauce.framework/Versions/A/AppleSauce
0x00007fff282e2000 	/System/Library/PrivateFrameworks/IOAccelerator.framework/Versions/A/IOAccelerator
0x00007fff6b3d1000 	/System/Library/Frameworks/OpenGL.framework/Versions/A/Libraries/libCoreFSCache.dylib
0x00007fff214cd000 	/System/Library/PrivateFrameworks/LanguageModeling.framework/Versions/A/LanguageModeling
0x00007fff29918000 	/System/Library/PrivateFrameworks/CoreEmoji.framework/Versions/A/CoreEmoji
0x00007fff29080000 	/System/Library/PrivateFrameworks/LinguisticData.framework/Versions/A/LinguisticData
0x00007fff20dc2000 	/System/Library/PrivateFrameworks/Lexicon.framework/Versions/A/Lexicon
0x00007fff2a65a000 	/usr/lib/libcmph.dylib
0x00007fff27112000 	/System/Library/Frameworks/OpenDirectory.framework/Versions/A/Frameworks/CFOpenDirectory.framework/Versions/A/CFOpenDirectory
0x00007fff27102000 	/System/Library/Frameworks/OpenDirectory.framework/Versions/A/OpenDirectory
0x00007fff2abc8000 	/System/Library/PrivateFrameworks/APFS.framework/Versions/A/APFS
0x00007fff29c3d000 	/System/Library/Frameworks/SecurityFoundation.framework/Versions/A/SecurityFoundation
0x00007fff2acd1000 	/usr/lib/libutil.dylib
0x00007fff22ad8000 	/System/Library/PrivateFrameworks/CoreServicesStore.framework/Versions/A/CoreServicesStore
0x00007fff29cd4000 	/System/Library/Frameworks/ServiceManagement.framework/Versions/A/ServiceManagement
0x00007fff2acd5000 	/usr/lib/libxslt.1.dylib
0x00007fff29cca000 	/System/Library/PrivateFrameworks/BackgroundTaskManagement.framework/Versions/A/BackgroundTaskManagement
0x00007fff2bcc5000 	/System/Library/Frameworks/ImageIO.framework/Versions/A/Resources/libRadiance.dylib
0x00007fff2bccf000 	/System/Library/Frameworks/ImageIO.framework/Versions/A/Resources/libJPEG.dylib
0x00007fff2bc1c000 	/System/Library/Frameworks/ImageIO.framework/Versions/A/Resources/libPng.dylib
0x00007fff2bc43000 	/System/Library/Frameworks/ImageIO.framework/Versions/A/Resources/libTIFF.dylib
0x00007fff2bd24000 	/System/Library/Frameworks/ImageIO.framework/Versions/A/Resources/libGIF.dylib
0x00007fff2b97f000 	/System/Library/Frameworks/ImageIO.framework/Versions/A/Resources/libJP2.dylib
0x00007fff2b06b000 	/usr/lib/libexpat.1.dylib
0x00007fff2b935000 	/System/Library/PrivateFrameworks/AppleJPEG.framework/Versions/A/AppleJPEG
0x00007fff2851d000 	/System/Library/PrivateFrameworks/FontServices.framework/libFontParser.dylib
0x00007fff261af000 	/System/Library/PrivateFrameworks/RunningBoardServices.framework/Versions/A/RunningBoardServices
0x00007fff2ba5e000 	/System/Library/PrivateFrameworks/WatchdogClient.framework/Versions/A/WatchdogClient
0x00007fff215ba000 	/System/Library/Frameworks/CoreDisplay.framework/Versions/A/CoreDisplay
0x00007fff28432000 	/System/Library/Frameworks/CoreMedia.framework/Versions/A/CoreMedia
0x00007fff2728f000 	/System/Library/Frameworks/CoreVideo.framework/Versions/A/CoreVideo
0x00007fff2ba96000 	/System/Library/Frameworks/VideoToolbox.framework/Versions/A/VideoToolbox
0x00007fff2612d000 	/System/Library/PrivateFrameworks/BaseBoard.framework/Versions/A/BaseBoard
0x00007fff2b1b0000 	/System/Library/PrivateFrameworks/PersistentConnection.framework/Versions/A/PersistentConnection
0x00007fff25ec0000 	/System/Library/PrivateFrameworks/ProtocolBuffer.framework/Versions/A/ProtocolBuffer
0x00007fff26114000 	/System/Library/PrivateFrameworks/CommonUtilities.framework/Versions/A/CommonUtilities
0x00007fff2b8ca000 	/System/Library/PrivateFrameworks/Bom.framework/Versions/A/Bom
0x00007fff2bcbe000 	/System/Library/PrivateFrameworks/GPUWrangler.framework/Versions/A/GPUWrangler
0x00007fff2bca1000 	/System/Library/PrivateFrameworks/IOPresentment.framework/Versions/A/IOPresentment
0x00007fff2bcc9000 	/System/Library/PrivateFrameworks/DSExternalDisplay.framework/Versions/A/DSExternalDisplay
0x00007fff2bd29000 	/System/Library/PrivateFrameworks/CMCaptureCore.framework/Versions/A/CMCaptureCore
0x00007fff2b650000 	/System/Library/PrivateFrameworks/AppServerSupport.framework/Versions/A/AppServerSupport
0x00007fff2d6f6000 	/System/Library/PrivateFrameworks/perfdata.framework/Versions/A/perfdata
0x00007fff29c2c000 	/System/Library/PrivateFrameworks/AssertionServices.framework/Versions/A/AssertionServices
0x00007fff216f1000 	/System/Library/PrivateFrameworks/AudioToolboxCore.framework/Versions/A/AudioToolboxCore
0x00007fff28415000 	/System/Library/PrivateFrameworks/caulk.framework/Versions/A/caulk
0x00007fff3c990000 	/System/Library/PrivateFrameworks/SystemPolicy.framework/Versions/A/SystemPolicy
0x00007fff2ae61000 	/usr/lib/libIOReport.dylib
0x00007fff2cf18000 	/usr/lib/libSMC.dylib
0x00007fff2bbe9000 	/usr/lib/libAudioToolboxUtility.dylib
0x00007fff3d2f5000 	/usr/lib/libmis.dylib
0x00007fff6b42d000 	/System/Library/Frameworks/OpenGL.framework/Versions/A/Libraries/libGLU.dylib
0x00007fff6b3f0000 	/System/Library/Frameworks/OpenGL.framework/Versions/A/Libraries/libGFXShared.dylib
0x00007fff6b5ff000 	/System/Library/Frameworks/OpenGL.framework/Versions/A/Libraries/libGL.dylib
0x00007fff6b3f9000 	/System/Library/Frameworks/OpenGL.framework/Versions/A/Libraries/libGLImage.dylib
0x00007fff6b3ed000 	/System/Library/Frameworks/OpenGL.framework/Versions/A/Libraries/libCVMSPluginSupport.dylib
0x00007fff6b3d8000 	/System/Library/Frameworks/OpenGL.framework/Versions/A/Libraries/libCoreVMClient.dylib
0x00007fff6ca40000 	/System/Library/Frameworks/OpenCL.framework/Versions/A/OpenCL
0x00007fff2b1da000 	/System/Library/PrivateFrameworks/GraphVisualizer.framework/Versions/A/GraphVisualizer
0x00007fff2b1e9000 	/System/Library/PrivateFrameworks/FaceCore.framework/Versions/A/FaceCore
0x00007fff2b605000 	/System/Library/PrivateFrameworks/OTSVG.framework/Versions/A/OTSVG
0x00007fff26e86000 	/System/Library/Frameworks/ApplicationServices.framework/Versions/A/Frameworks/ATS.framework/Versions/A/Resources/libFontRegistry.dylib
0x00007fff2b657000 	/System/Library/PrivateFrameworks/FontServices.framework/libhvf.dylib
0x00007fff2b017000 	/System/Library/PrivateFrameworks/AppleVA.framework/Versions/A/AppleVA
0x00007fff2cd61000 	/System/Library/Frameworks/ApplicationServices.framework/Versions/A/Frameworks/ATS.framework/Versions/A/ATS
0x00007fff2d073000 	/System/Library/Frameworks/ApplicationServices.framework/Versions/A/Frameworks/ColorSyncLegacy.framework/Versions/A/ColorSyncLegacy
0x00007fff2569b000 	/System/Library/Frameworks/ApplicationServices.framework/Versions/A/Frameworks/HIServices.framework/Versions/A/HIServices
0x00007fff2d058000 	/System/Library/Frameworks/ApplicationServices.framework/Versions/A/Frameworks/LangAnalysis.framework/Versions/A/LangAnalysis
0x00007fff2bd33000 	/System/Library/Frameworks/ApplicationServices.framework/Versions/A/Frameworks/PrintCore.framework/Versions/A/PrintCore
0x00007fff2d07b000 	/System/Library/Frameworks/ApplicationServices.framework/Versions/A/Frameworks/QD.framework/Versions/A/QD
0x00007fff2cd51000 	/System/Library/Frameworks/ApplicationServices.framework/Versions/A/Frameworks/SpeechSynthesis.framework/Versions/A/SpeechSynthesis
0x00007fff2bcf4000 	/System/Library/Frameworks/ApplicationServices.framework/Versions/A/Frameworks/ATSUI.framework/Versions/A/ATSUI
0x00007fff2cff8000 	/usr/lib/libcups.2.dylib
0x00007fff2d068000 	/System/Library/PrivateFrameworks/NetAuth.framework/Versions/A/NetAuth
0x00007fff2d712000 	/System/Library/Frameworks/Kerberos.framework/Versions/A/Kerberos
0x00007fff2d722000 	/System/Library/Frameworks/GSS.framework/Versions/A/GSS
0x00007fff2cdcd000 	/usr/lib/libresolv.9.dylib
0x00007fff2b66c000 	/System/Library/PrivateFrameworks/Heimdal.framework/Versions/A/Heimdal
0x00007fff33489000 	/System/Library/Frameworks/Kerberos.framework/Versions/A/Libraries/libHeimdalProxy.dylib
0x00007fff26280000 	/System/Library/Frameworks/Network.framework/Versions/A/Network
0x00007fff2b085000 	/usr/lib/libheimdal-asn1.dylib
0x00007fff2d772000 	/System/Library/PrivateFrameworks/CommonAuth.framework/Versions/A/CommonAuth
0x00007fff272dc000 	/System/Library/PrivateFrameworks/login.framework/Versions/A/Frameworks/loginsupport.framework/Versions/A/loginsupport
0x00007fff2ccd6000 	/System/Library/PrivateFrameworks/AudioSession.framework/Versions/A/AudioSession
0x00007fff2cd3e000 	/usr/lib/libAudioStatistics.dylib
0x00007fff2b112000 	/System/Library/PrivateFrameworks/MediaExperience.framework/Versions/A/MediaExperience
0x00007fff2cb74000 	/System/Library/PrivateFrameworks/AudioSession.framework/libSessionUtility.dylib
0x00007fff2d703000 	/usr/lib/libperfcheck.dylib
0x00007fff2d087000 	/System/Library/PrivateFrameworks/AudioResourceArbitration.framework/Versions/A/AudioResourceArbitration
0x00007fff2b08f000 	/System/Library/PrivateFrameworks/IconFoundation.framework/Versions/A/IconFoundation
0x00007fff2fb98000 	/System/Library/PrivateFrameworks/SpeechRecognitionCore.framework/Versions/A/SpeechRecognitionCore
0x00007fff57bfc000 	/System/Library/CoreServices/Encodings/libLatin5Converter.dylib
0x000000010c800000 	/Library/Java/JavaVirtualMachines/jdk-11.0.9.jdk/Contents/Home/lib/server/libjvm.dylib
0x000000010829e000 	/Library/Java/JavaVirtualMachines/jdk-11.0.9.jdk/Contents/Home/lib/libverify.dylib
0x00000001082ae000 	/Library/Java/JavaVirtualMachines/jdk-11.0.9.jdk/Contents/Home/lib/libjava.dylib
0x00000001082da000 	/Library/Java/JavaVirtualMachines/jdk-11.0.9.jdk/Contents/Home/lib/libjimage.dylib
0x0000000108330000 	/Library/Java/JavaVirtualMachines/jdk-11.0.9.jdk/Contents/Home/lib/libzip.dylib
0x00000001085c4000 	/Library/Java/JavaVirtualMachines/jdk-11.0.9.jdk/Contents/Home/lib/libnio.dylib
0x00000001085d6000 	/Library/Java/JavaVirtualMachines/jdk-11.0.9.jdk/Contents/Home/lib/libnet.dylib
0x00000001085f0000 	/private/var/folders/35/bxr8m1px7bg1_k_j83yqcmn40000gn/T/libgdxburhancabiroglu/785e4724/libgdx64.dylib
0x0000000108622000 	/Library/Java/JavaVirtualMachines/jdk-11.0.9.jdk/Contents/Home/lib/libawt.dylib
0x00000001086c3000 	/Library/Java/JavaVirtualMachines/jdk-11.0.9.jdk/Contents/Home/lib/libmlib_image.dylib
0x00007fff6e464000 	/System/Library/Frameworks/JavaNativeFoundation.framework/Versions/A/JavaNativeFoundation
0x00007fff6e470000 	/System/Library/Frameworks/JavaRuntimeSupport.framework/Versions/A/JavaRuntimeSupport
0x00007fff3c712000 	/System/Library/Frameworks/Carbon.framework/Versions/A/Carbon
0x00007fff31b78000 	/System/Library/PrivateFrameworks/CoreSymbolication.framework/Versions/A/CoreSymbolication
0x00007fff36378000 	/System/Library/Frameworks/Carbon.framework/Versions/A/Frameworks/CommonPanels.framework/Versions/A/CommonPanels
0x00007fff32f48000 	/System/Library/Frameworks/Carbon.framework/Versions/A/Frameworks/Help.framework/Versions/A/Help
0x00007fff3637c000 	/System/Library/Frameworks/Carbon.framework/Versions/A/Frameworks/ImageCapture.framework/Versions/A/ImageCapture
0x00007fff36354000 	/System/Library/Frameworks/Carbon.framework/Versions/A/Frameworks/OpenScripting.framework/Versions/A/OpenScripting
0x00007fff36374000 	/System/Library/Frameworks/Carbon.framework/Versions/A/Frameworks/Ink.framework/Versions/A/Ink
0x00007fff3c70e000 	/System/Library/Frameworks/Carbon.framework/Versions/A/Frameworks/Print.framework/Versions/A/Print
0x00007fff36370000 	/System/Library/Frameworks/Carbon.framework/Versions/A/Frameworks/SecurityHI.framework/Versions/A/SecurityHI
0x00007fff31b3b000 	/System/Library/PrivateFrameworks/DebugSymbols.framework/Versions/A/DebugSymbols
0x000000010872f000 	/Library/Java/JavaVirtualMachines/jdk-11.0.9.jdk/Contents/Home/lib/libawt_lwawt.dylib
0x0000000116632000 	/Library/Java/JavaVirtualMachines/jdk-11.0.9.jdk/Contents/Home/lib/libosxapp.dylib
0x00007fff3bd9a000 	/System/Library/Frameworks/ExceptionHandling.framework/Versions/A/ExceptionHandling
0x000000012dd07000 	/Library/Java/JavaVirtualMachines/jdk-11.0.9.jdk/Contents/Home/lib/libfontmanager.dylib
0x0000000116652000 	/Library/Java/JavaVirtualMachines/jdk-11.0.9.jdk/Contents/Home/lib/libfreetype.dylib
0x00007fff22a99000 	/System/Library/PrivateFrameworks/CoreServicesInternal.framework/Versions/A/CoreServicesInternal
0x00007fff3109e000 	/System/Library/Frameworks/FileProvider.framework/Versions/A/FileProvider
0x00007fff26097000 	/System/Library/Frameworks/Accounts.framework/Versions/A/Accounts
0x00007fff311bf000 	/System/Library/PrivateFrameworks/GenerationalStorage.framework/Versions/A/GenerationalStorage
0x00007fff30abd000 	/System/Library/PrivateFrameworks/SymptomDiagnosticReporter.framework/Versions/A/SymptomDiagnosticReporter
0x00007fff2e3af000 	/System/Library/PrivateFrameworks/AppContainer.framework/Versions/A/AppContainer
0x00007fff23bdd000 	/System/Library/PrivateFrameworks/DesktopServicesPriv.framework/Versions/A/DesktopServicesPriv
0x00007fff22bcd000 	/usr/lib/libsandbox.1.dylib
0x00007fff27308000 	/System/Library/PrivateFrameworks/UserManagement.framework/Versions/A/UserManagement
0x00007fff29c09000 	/System/Library/PrivateFrameworks/MobileKeyBag.framework/Versions/A/MobileKeyBag
0x00007fff344f4000 	/System/Library/PrivateFrameworks/ChunkingLibrary.framework/Versions/A/ChunkingLibrary
0x00007fff2e3c4000 	/System/Library/PrivateFrameworks/SecCodeWrapper.framework/Versions/A/SecCodeWrapper
0x00007fff2ae69000 	/System/Library/PrivateFrameworks/CrashReporterSupport.framework/Versions/A/CrashReporterSupport
0x00007fff47790000 	/System/Library/PrivateFrameworks/OSAnalytics.framework/Versions/A/OSAnalytics
0x00007fff783aa000 	/usr/lib/libRosetta.dylib
0x00007fff32ed9000 	/System/Library/PrivateFrameworks/RemoteServiceDiscovery.framework/Versions/A/RemoteServiceDiscovery
0x00007fff51260000 	/System/Library/PrivateFrameworks/Symbolication.framework/Versions/A/Symbolication
0x00007fff32ee9000 	/System/Library/PrivateFrameworks/RemoteXPC.framework/Versions/A/RemoteXPC
0x00007fff391de000 	/System/Library/PrivateFrameworks/OSAServicesClient.framework/Versions/A/OSAServicesClient
0x00007fff3d2d4000 	/System/Library/PrivateFrameworks/MallocStackLogging.framework/Versions/A/MallocStackLogging
0x00007fff2e147000 	/System/Library/PrivateFrameworks/Sharing.framework/Versions/A/Sharing
0x00007fff32ab6000 	/System/Library/PrivateFrameworks/Apple80211.framework/Versions/A/Apple80211
0x00007fff2a28d000 	/System/Library/PrivateFrameworks/AuthKit.framework/Versions/A/AuthKit
0x00007fff29a09000 	/System/Library/PrivateFrameworks/CoreUtils.framework/Versions/A/CoreUtils
0x00007fff29936000 	/System/Library/Frameworks/CoreWLAN.framework/Versions/A/CoreWLAN
0x00007fff2e28e000 	/System/Library/Frameworks/IOBluetooth.framework/Versions/A/IOBluetooth
0x00007fff32b1a000 	/System/Library/PrivateFrameworks/CoreWiFi.framework/Versions/A/CoreWiFi
0x00007fff2d7f8000 	/System/Library/PrivateFrameworks/CorePhoneNumbers.framework/Versions/A/CorePhoneNumbers
0x00007fff30bc5000 	/System/Library/PrivateFrameworks/DiskManagement.framework/Versions/A/DiskManagement
0x00007fff30adb000 	/System/Library/PrivateFrameworks/AppleIDAuthSupport.framework/Versions/A/AppleIDAuthSupport
0x00007fff2d7d5000 	/System/Library/PrivateFrameworks/KeychainCircle.framework/Versions/A/KeychainCircle
0x00007fff30b91000 	/System/Library/PrivateFrameworks/MediaKit.framework/Versions/A/MediaKit
0x00007fff30ae8000 	/System/Library/Frameworks/DiscRecording.framework/Versions/A/DiscRecording
0x00007fff2af8b000 	/usr/lib/libCoreStorage.dylib
0x00007fff32f54000 	/usr/lib/libcsfde.dylib
0x00007fff2e3c8000 	/System/Library/PrivateFrameworks/ProtectedCloudStorage.framework/Versions/A/ProtectedCloudStorage
0x00007fff32f4c000 	/System/Library/PrivateFrameworks/EFILogin.framework/Versions/A/EFILogin
0x00007fff3353c000 	/System/Library/Frameworks/AudioUnit.framework/Versions/A/AudioUnit
0x00007fff30a27000 	/System/Library/Frameworks/CoreBluetooth.framework/Versions/A/CoreBluetooth
0x00007fff2af83000 	/usr/lib/libMatch.1.dylib
0x00007fff434b2000 	/System/Library/CoreServices/RawCamera.bundle/Contents/MacOS/RawCamera
0x00007fff2d783000 	/System/Library/PrivateFrameworks/MobileAsset.framework/Versions/A/MobileAsset
0x00007fff33561000 	/System/Library/PrivateFrameworks/StreamingZip.framework/Versions/A/StreamingZip
0x00007fff2bf2c000 	/System/Library/Frameworks/MediaToolbox.framework/Versions/A/MediaToolbox
0x00007fff31070000 	/System/Library/PrivateFrameworks/CoreAVCHD.framework/Versions/A/CoreAVCHD
0x00007fff30204000 	/System/Library/Frameworks/MediaAccessibility.framework/Versions/A/MediaAccessibility
0x00007fff3106c000 	/System/Library/PrivateFrameworks/Mangrove.framework/Versions/A/Mangrove
0x00007fff30210000 	/System/Library/PrivateFrameworks/AlgosScoreFramework.framework/Versions/A/AlgosScoreFramework
0x00007fff31a2b000 	/System/Library/PrivateFrameworks/AppleVPA.framework/Versions/A/AppleVPA
0x00007fff30cb1000 	/System/Library/PrivateFrameworks/CoreAUC.framework/Versions/A/CoreAUC
0x00007fff40ea9000 	/System/Library/Frameworks/Accelerate.framework/Versions/A/Frameworks/vImage.framework/Versions/A/Libraries/libCGInterfaces.dylib
0x000000013036f000 	/usr/lib/libobjc-trampolines.dylib
0x00007fff2700a000 	/System/Library/PrivateFrameworks/ViewBridge.framework/Versions/A/ViewBridge
0x00007fff2b72d000 	/System/Library/PrivateFrameworks/login.framework/Versions/A/login
0x0000000132929000 	/private/var/folders/35/bxr8m1px7bg1_k_j83yqcmn40000gn/T/libgdxburhancabiroglu/f7649394/liblwjgl.dylib
0x0000000131165000 	/Library/Java/JavaVirtualMachines/jdk-11.0.9.jdk/Contents/Home/lib/libjawt.dylib
0x00000001329ab000 	/private/var/folders/35/bxr8m1px7bg1_k_j83yqcmn40000gn/T/libgdxburhancabiroglu/f7649394/openal.dylib
0x0000000132a11000 	/System/Library/Components/CoreAudio.component/Contents/MacOS/CoreAudio
0x00007fff6b60a000 	/System/Library/Frameworks/OpenGL.framework/Versions/A/Resources/GLEngine.bundle/GLEngine
0x00007fff6b46a000 	/System/Library/Frameworks/OpenGL.framework/Versions/A/Libraries/libGLProgrammability.dylib
0x00007fff5e68e000 	/System/Library/Extensions/AppleIntelKBLGraphicsGLDriver.bundle/Contents/MacOS/AppleIntelKBLGraphicsGLDriver
0x00007fff46133000 	/System/Library/PrivateFrameworks/GPUSupport.framework/Versions/A/Libraries/libGPUSupportMercury.dylib
0x00007fff6b786000 	/System/Library/Frameworks/OpenGL.framework/Versions/A/Resources/GLRendererFloat.bundle/GLRendererFloat
0x0000000133f85000 	/private/var/folders/35/bxr8m1px7bg1_k_j83yqcmn40000gn/T/libgdxburhancabiroglu/3090881/libgdx-box2d64.dylib


VM Arguments:
jvm_args: -Dfile.encoding=UTF-8 -Duser.country=TR -Duser.language=tr -Duser.variant 
java_command: com.cabir.desktop.DesktopLauncher
java_class_path (initial): /Users/burhancabiroglu/Documents/GrumpRun/desktop/build/classes/java/main:/Users/burhancabiroglu/Documents/GrumpRun/desktop/build/resources/main:/Users/burhancabiroglu/.gradle/caches/modules-2/files-2.1/com.badlogicgames.gdx/gdx-backend-lwjgl/1.9.12/82ff0003171e3e0df9a12c8f86d264a88afb112/gdx-backend-lwjgl-1.9.12.jar:/Users/burhancabiroglu/.gradle/caches/modules-2/files-2.1/com.badlogicgames.gdx/gdx-platform/1.9.12/6b5da746f38d84818fe376f57f6b5cf93a39f75b/gdx-platform-1.9.12-natives-desktop.jar:/Users/burhancabiroglu/.gradle/caches/modules-2/files-2.1/com.badlogicgames.gdx/gdx-box2d-platform/1.9.12/6462b97b9749a5da6525dfa478e0af10b974867b/gdx-box2d-platform-1.9.12-natives-desktop.jar:/Users/burhancabiroglu/Documents/GrumpRun/core/build/libs/core-1.0.jar:/Users/burhancabiroglu/.gradle/caches/modules-2/files-2.1/com.badlogicgames.gdx/gdx-box2d/1.9.12/b51c02d7e1b95cc3455d12e90e4a26ba6eeac80c/gdx-box2d-1.9.12.jar:/Users/burhancabiroglu/.gradle/caches/modules-2/files-2.1/com.badlogicgames.gdx/gdx/1.9.12/e2d132e76ef94b27d309ab0ea9fe06a8e2d0a80/gdx-1.9.12.jar:/Users/burhancabiroglu/.gradle/caches/modules-2/files-2.1/org.lwjgl.lwjgl/lwjgl_util/2.9.3/751f06b62424da056954c67288fd5c494431e350/lwjgl_util-2.9.3.jar:/Users/burhancabiroglu/.gradle/caches/modules-2/files-2.1/org.lwjgl.lwjgl/lwjgl/2.9.3/3df168ac74e4a8c96562cdff24ad352e255bf89c/lwjgl-2.9.3.jar:/Users/burhancabiroglu/.gradle/caches/modules-2/files-2.1/com.badlogicgames.jlayer/jlayer/1.0.1-gdx/7cca83cec5c1b2f011362f4d85aabd71a73b049d/jlayer-1.0.1-gdx.jar:/Users/burhancabiroglu/.gradle/caches/modules-2/files-2.1/org.jcraft/jorbis/0.0.17/8872d22b293e8f5d7d56ff92be966e6dc28ebdc6/jorbis-0.0.17.jar:/Users/burhancabiroglu/.gradle/caches/modules-2/files-2.1/org.lwjgl.lwjgl/lwjgl-platform/2.9.3/fbc2afb3e288578e9942578decb6291a490549a0/lwjgl-platform-2.9.3-natives-windows.jar:/Users/burhancabiroglu/.gradle/caches/modules-2/files-2.1/org.lwjgl.lwjgl/lwjgl-platform/2.9.3/b1eafe80093381c56415731e1d6427
Launcher Type: SUN_STANDARD

[Global flags]
     intx CICompilerCount                          = 4                                         {product} {ergonomic}
     uint ConcGCThreads                            = 2                                         {product} {ergonomic}
     uint G1ConcRefinementThreads                  = 8                                         {product} {ergonomic}
   size_t G1HeapRegionSize                         = 1048576                                   {product} {ergonomic}
    uintx GCDrainStackTargetSize                   = 64                                        {product} {ergonomic}
   size_t InitialHeapSize                          = 134217728                                 {product} {ergonomic}
   size_t MarkStackSize                            = 4194304                                   {product} {ergonomic}
   size_t MaxHeapSize                              = 2147483648                                {product} {ergonomic}
   size_t MaxNewSize                               = 1287651328                                {product} {ergonomic}
   size_t MinHeapDeltaBytes                        = 1048576                                   {product} {ergonomic}
    uintx NonNMethodCodeHeapSize                   = 5836300                                {pd product} {ergonomic}
    uintx NonProfiledCodeHeapSize                  = 122910970                              {pd product} {ergonomic}
    uintx ProfiledCodeHeapSize                     = 122910970                              {pd product} {ergonomic}
    uintx ReservedCodeCacheSize                    = 251658240                              {pd product} {ergonomic}
     bool SegmentedCodeCache                       = true                                      {product} {ergonomic}
     bool UseCompressedClassPointers               = true                                 {lp64_product} {ergonomic}
     bool UseCompressedOops                        = true                                 {lp64_product} {ergonomic}
     bool UseG1GC                                  = true                                      {product} {ergonomic}

Logging:
Log output configuration:
 #0: stdout all=warning uptime,level,tags
 #1: stderr all=off uptime,level,tags

Environment Variables:
PATH=/Library/Frameworks/Python.framework/Versions/3.9/bin:/usr/local/bin:/usr/bin:/bin:/usr/sbin:/sbin:/Library/Apple/usr/bin
SHELL=/bin/zsh

Signal Handlers:
SIGSEGV: [libjvm.dylib+0x794d6c], sa_mask[0]=11111111011111110111111111111111, sa_flags=SA_ONSTACK|SA_RESTART|SA_SIGINFO
SIGBUS: [libjvm.dylib+0x794d6c], sa_mask[0]=11111111011111110111111111111111, sa_flags=SA_RESTART|SA_SIGINFO
SIGFPE: [libjvm.dylib+0x794d6c], sa_mask[0]=11111111011111110111111111111111, sa_flags=SA_RESTART|SA_SIGINFO
SIGPIPE: [libjvm.dylib+0x6457fb], sa_mask[0]=11111111011111110111111111111111, sa_flags=SA_RESTART|SA_SIGINFO
SIGXFSZ: [libjvm.dylib+0x6457fb], sa_mask[0]=11111111011111110111111111111111, sa_flags=SA_RESTART|SA_SIGINFO
SIGILL: [libjvm.dylib+0x794d6c], sa_mask[0]=11111111011111110111111111111111, sa_flags=SA_RESTART|SA_SIGINFO
SIGUSR2: [libjvm.dylib+0x645de5], sa_mask[0]=00100000000000000000000000000000, sa_flags=SA_RESTART|SA_SIGINFO
SIGHUP: [libjvm.dylib+0x644843], sa_mask[0]=11111111011111110111111111111111, sa_flags=SA_RESTART|SA_SIGINFO
SIGINT: [libjvm.dylib+0x644843], sa_mask[0]=11111111011111110111111111111111, sa_flags=SA_RESTART|SA_SIGINFO
SIGTERM: [libjvm.dylib+0x644843], sa_mask[0]=11111111011111110111111111111111, sa_flags=SA_RESTART|SA_SIGINFO
SIGQUIT: [libjvm.dylib+0x644843], sa_mask[0]=11111111011111110111111111111111, sa_flags=SA_RESTART|SA_SIGINFO


---------------  S Y S T E M  ---------------

OS:uname:Darwin 20.1.0 Darwin Kernel Version 20.1.0: Sat Oct 31 00:07:11 PDT 2020; root:xnu-7195.50.7~2/RELEASE_X86_64 x86_64
rlimit: STACK 8192k, CORE 0k, NPROC 1392, NOFILE 10240, AS infinity, DATA infinity, FSIZE infinity
load average:1.55 1.71 1.75

CPU:total 8 (initial active 8) (4 cores per cpu, 2 threads per core) family 6 model 142 stepping 10, cmov, cx8, fxsr, mmx, sse, sse2, sse3, ssse3, sse4.1, sse4.2, popcnt, avx, avx2, aes, clmul, erms, 3dnowpref, lzcnt, ht, tsc, tscinvbit, bmi1, bmi2, adx, fma

Memory: 4k page, physical 8388608k(67516k free)

vm_info: Java HotSpot(TM) 64-Bit Server VM (11.0.9+7-LTS) for bsd-amd64 JRE (11.0.9+7-LTS), built on Sep 15 2020 15:57:40 by "mach5one" with gcc 4.2.1 Compatible Apple LLVM 10.0.0 (clang-1000.11.45.5)

END.
